<?xml version="1.0" encoding="UTF-8"?>
<!-- Generated by org.testng.reporters.JUnitReportReporter -->
<testsuite hostname="MacBook-Air-de-derik.local" failures="0" tests="1" name="TestClass" time="1.608" errors="0" timestamp="2021-09-07T12:10:42 COT" skipped="0">
  <testcase classname="TestClass" name="myAddTest" time="1.608"/>
  <system-out/>
</testsuite> <!-- TestClass -->
